<?xml version="1.0" encoding="utf-8"?><testsuites name="pytest tests"><testsuite name="pytest" errors="0" failures="0" skipped="0" tests="7" time="7.004" timestamp="2026-07-18T11:12:42.452401+00:00" hostname="agent-env-39a65ba3-b074-43cb-b697-be45f3de00dd"><testcase classname="tests.backend_test.TestAuth" name="test_admin_login_by_id" time="0.477" /><testcase classname="tests.backend_test.TestKrishiAI" name="test_ai_status" time="0.475" /><testcase classname="tests.backend_test.TestAuth" name="test_farmer_login_or_register" time="0.548" /><testcase classname="tests.backend_test.TestKrishiAI" name="test_ai_chat_streams_text" time="5.754" /><testcase classname="tests.backend_test.TestHealth" name="test_health_ok" time="3.514" /><testcase classname="tests.backend_test.TestKrishiAI" name="test_ai_history" time="0.134" /><testcase classname="tests.backend_test.TestMisc" name="test_schemes" time="0.093" /></testsuite></testsuites>