<?xml version="1.0" encoding="utf-8"?><testsuites name="pytest tests"><testsuite name="pytest" errors="0" failures="0" skipped="0" tests="16" time="5.019" timestamp="2026-07-18T11:17:30.417091+00:00" hostname="agent-env-39a65ba3-b074-43cb-b697-be45f3de00dd"><testcase classname="tests.backend_test.TestAuth" name="test_admin_login_by_id" time="0.372" /><testcase classname="tests.backend_test.TestMisc" name="test_schemes" time="0.372" /><testcase classname="tests.backend_test.TestAuth" name="test_admin_login_wrong_password" time="0.551" /><testcase classname="tests.backend_test.TestMisc" name="test_search" time="0.552" /><testcase classname="tests.backend_test.TestMisc" name="test_notifications_read_all" time="0.090" /><testcase classname="tests.backend_test.TestMisc" name="test_profile_language_update" time="0.279" /><testcase classname="tests.backend_test.TestAuth" name="test_farmer_login_or_register" time="0.376" /><testcase classname="tests.backend_test.TestMisc" name="test_admin_stats" time="0.601" /><testcase classname="tests.backend_test.TestAuth" name="test_vendor_login_or_register" time="0.539" /><testcase classname="tests.backend_test.TestAuth" name="test_logout" time="0.648" /><testcase classname="tests.backend_test.TestMisc" name="test_dashboard_farmer" time="0.270" /><testcase classname="tests.backend_test.TestMisc" name="test_dashboard_vendor" time="0.369" /><testcase classname="tests.backend_test.TestAuth" name="test_forgot_and_reset_password" time="1.164" /><testcase classname="tests.backend_test.TestAdminVendors" name="test_admin_create_and_remove_vendor" time="2.013" /><testcase classname="tests.backend_test.TestManagedPrices" name="test_admin_prices_crud_and_bulk" time="0.979" /><testcase classname="tests.backend_test.TestManagedPrices" name="test_farmer_cannot_create_managed_price" time="0.051" /></testsuite></testsuites>