<?xml version="1.0" encoding="utf-8"?><testsuites name="pytest tests"><testsuite name="pytest" errors="0" failures="0" skipped="0" tests="41" time="14.269" timestamp="2026-07-18T10:16:42.616177+00:00" hostname="agent-env-39a65ba3-b074-43cb-b697-be45f3de00dd"><testcase classname="tests.backend_test.TestAuth" name="test_admin_login_by_id" time="0.358" /><testcase classname="tests.backend_test.TestMisc" name="test_schemes" time="0.356" /><testcase classname="tests.backend_test.TestAuth" name="test_admin_login_wrong_password" time="0.318" /><testcase classname="tests.backend_test.TestMisc" name="test_search" time="0.766" /><testcase classname="tests.backend_test.TestAuth" name="test_farmer_login_or_register" time="0.491" /><testcase classname="tests.backend_test.TestMisc" name="test_notifications_read_all" time="0.094" /><testcase classname="tests.backend_test.TestMisc" name="test_profile_language_update" time="0.319" /><testcase classname="tests.backend_test.TestAuth" name="test_vendor_login_or_register" time="0.318" /><testcase classname="tests.backend_test.TestAuth" name="test_logout" time="0.674" /><testcase classname="tests.backend_test.TestMisc" name="test_admin_stats" time="0.576" /><testcase classname="tests.backend_test.TestMisc" name="test_dashboard_farmer" time="0.052" /><testcase classname="tests.backend_test.TestAuth" name="test_forgot_and_reset_password" time="1.216" /><testcase classname="tests.backend_test.TestMisc" name="test_dashboard_vendor" time="0.844" /><testcase classname="tests.backend_test.TestDemandSupply" name="test_vendor_posts_demand_farmer_gets_notified" time="0.365" /><testcase classname="tests.backend_test.TestDemandSupply" name="test_farmer_declares_harvest_vendor_gets_supply_match" time="0.143" /><testcase classname="tests.backend_test.TestRoleEnforcement" name="test_farmer_cannot_create_demand" time="0.046" /><testcase classname="tests.backend_test.TestRoleEnforcement" name="test_vendor_cannot_declare_harvest" time="0.046" /><testcase classname="tests.backend_test.TestRoleEnforcement" name="test_farmer_cannot_access_admin_stats" time="0.053" /><testcase classname="tests.backend_test.TestDemandSupply" name="test_farmer_can_respond_to_demand_creates_enquiry" time="0.097" /><testcase classname="tests.backend_test.TestRoleEnforcement" name="test_vendor_cannot_access_admin_users" time="0.046" /><testcase classname="tests.backend_test.TestCrudFlows" name="test_crops_crud" time="0.267" /><testcase classname="tests.backend_test.TestDemandSupply" name="test_list_demand_by_commodity" time="0.098" /><testcase classname="tests.backend_test.TestMarketplace" name="test_farmer_creates_produce_listing_and_vendor_enquires" time="0.229" /><testcase classname="tests.backend_test.TestCrudFlows" name="test_diary_create_list" time="0.225" /><testcase classname="tests.backend_test.TestMarketplace" name="test_vendor_cannot_list_produce" time="0.069" /><testcase classname="tests.backend_test.TestMarketplace" name="test_farmer_cannot_list_input" time="0.045" /><testcase classname="tests.backend_test.TestKrishiAI" name="test_ai_status" time="0.142" /><testcase classname="tests.backend_test.TestCrudFlows" name="test_expenses_and_summary" time="0.263" /><testcase classname="tests.backend_test.TestKrishiAI" name="test_ai_chat_streams_text" time="1.813" /><testcase classname="tests.backend_test.TestCrudFlows" name="test_reminders_crud" time="0.136" /><testcase classname="tests.backend_test.TestMandiPrices" name="test_prices_agmarknet" time="0.090" /><testcase classname="tests.backend_test.TestMandiPrices" name="test_price_alerts_crud" time="0.132" /><testcase classname="tests.backend_test.TestWeather" name="test_weather_current" time="0.642" /><testcase classname="tests.backend_test.TestWeather" name="test_geocode_search" time="0.717" /><testcase classname="tests.backend_test.TestKrishiAI" name="test_ai_history" time="0.093" /><testcase classname="tests.backend_test.TestCropScan" name="test_crop_scan_returns_structured" time="7.654" /><testcase classname="tests.backend_test.TestManagedPrices" name="test_admin_prices_crud_and_bulk" time="0.379" /><testcase classname="tests.backend_test.TestManagedPrices" name="test_farmer_cannot_create_managed_price" time="0.041" /><testcase classname="tests.backend_test.TestAdminVendors" name="test_admin_create_and_remove_vendor" time="1.223" /><testcase classname="tests.backend_test.TestCropScan" name="test_scan_history" time="0.046" /><testcase classname="tests.backend_test.TestHealth" name="test_health_ok" time="0.161" /></testsuite></testsuites>