<?xml version="1.0" encoding="utf-8"?><testsuites name="pytest tests"><testsuite name="pytest" errors="0" failures="0" skipped="0" tests="7" time="16.486" timestamp="2026-07-18T11:13:43.122054+00:00" hostname="agent-env-39a65ba3-b074-43cb-b697-be45f3de00dd"><testcase classname="tests.test_khetsarthi_new.TestPWAAssets" name="test_manifest_served" time="0.248" /><testcase classname="tests.test_khetsarthi_new.TestSchemesDelta" name="test_each_scheme_has_image_and_hi" time="0.245" /><testcase classname="tests.test_khetsarthi_new.TestPWAAssets" name="test_logo_and_founder_images_served" time="0.465" /><testcase classname="tests.test_khetsarthi_new.TestSchemesDelta" name="test_scheme_hi_fields_completeness" time="0.107" /><testcase classname="tests.test_khetsarthi_new.TestSchemesDelta" name="test_scheme_image_urls_reachable" time="0.986" /><testcase classname="tests.test_khetsarthi_new.TestCommoditiesHindi" name="test_commodities_have_name_hi" time="0.098" /><testcase classname="tests.test_khetsarthi_new.TestAIIdentity" name="test_ai_identity_khetsarthi" time="14.829" /></testsuite></testsuites>